[0m[[0m[0mdebug[0m] [0m[0m> Exec(;Test/compile; collectAnalyses, None, Some(CommandSource(network-2)))[0m
[0m[[0m[0mdebug[0m] [0m[0munmatched Processing event for requestId None: None[0m
[0m[[0m[0mdebug[0m] [0m[0munmatched Done event for requestId None: None[0m
[0m[[0m[0mdebug[0m] [0m[0m> Exec(Test/compile, None, Some(CommandSource(network-2)))[0m
[0m[[0m[0mdebug[0m] [0m[0munmatched Processing event for requestId None: None[0m
[0m[[0m[0mdebug[0m] [0m[0mEvaluating tasks: Test / compile[0m
[0m[[0m[0mdebug[0m] [0m[0mRunning task... Cancel: Signal, check cycles: false, forcegc: true[0m
[0m[[0m[0mdebug[0m] [0m[0mjsonRpcNotify: JsonRpcNotificationMessage(2.0, build/taskStart, {"taskId":{"id":"293","parents":[]},"eventTime":1687212064686,"message":"Compiling practicing-scala","dataKind":"compile-task","data":{"target":{"uri":"file:/C:/Projects/practicing-scala/#practicing-scala/Compile"}}})[0m
[0m[[0m[0mdebug[0m] [0m[0mjsonRpcNotify: JsonRpcNotificationMessage(2.0, build/taskFinish, {"taskId":{"id":"293","parents":[]},"eventTime":1687212064698,"message":"Compiled practicing-scala","status":1,"dataKind":"compile-report","data":{"target":{"uri":"file:/C:/Projects/practicing-scala/#practicing-scala/Compile"},"errors":0,"warnings":0,"time":12}})[0m
[0m[[0m[0mdebug[0m] [0m[0mjsonRpcNotify: JsonRpcNotificationMessage(2.0, build/taskStart, {"taskId":{"id":"294","parents":[]},"eventTime":1687212064711,"message":"Compiling practicing-scala-test","dataKind":"compile-task","data":{"target":{"uri":"file:/C:/Projects/practicing-scala/#practicing-scala/Test"}}})[0m
[0m[[0m[0mdebug[0m] [0m[0mjsonRpcNotify: JsonRpcNotificationMessage(2.0, build/taskFinish, {"taskId":{"id":"294","parents":[]},"eventTime":1687212064721,"message":"Compiled practicing-scala-test","status":1,"dataKind":"compile-report","data":{"target":{"uri":"file:/C:/Projects/practicing-scala/#practicing-scala/Test"},"errors":0,"warnings":0,"time":10}})[0m
[0m[[0m[0mdebug[0m] [0m[0mForcing garbage collection...[0m
[0m[[0m[32msuccess[0m] [0m[0mTotal time: 0 s, completed 20 Jun, 2023 3:31:05 AM[0m
[0m[[0m[0mdebug[0m] [0m[0munmatched Done event for requestId None: None[0m
[0m[[0m[0mdebug[0m] [0m[0m> Exec(collectAnalyses, None, Some(CommandSource(network-2)))[0m
[0m[[0m[0mdebug[0m] [0m[0munmatched Processing event for requestId None: None[0m
[0m[[0m[0mdebug[0m] [0m[0mEvaluating tasks: Compile / collectAnalyses[0m
[0m[[0m[0mdebug[0m] [0m[0mRunning task... Cancel: Signal, check cycles: false, forcegc: true[0m
[0m[[0m[0mdebug[0m] [0m[0manalysis location (C:\Projects\practicing-scala\target\scala-2.12\zinc\inc_compile_2.12.zip,true)[0m
[0m[[0m[32msuccess[0m] [0m[0mTotal time: 0 s, completed 20 Jun, 2023 3:31:05 AM[0m
[0m[[0m[0mdebug[0m] [0m[0munmatched Done event for requestId None: None[0m
[0m[[0m[0mdebug[0m] [0m[0m> Exec(shell, None, None)[0m
[0m[[0m[0mdebug[0m] [0m[0mUnhandled notification received: textDocument/didClose: JsonRpcNotificationMessage(2.0, textDocument/didClose, {"textDocument":{"uri":"file:///c%3A/Projects/practicing-scala/DanielScala/src/main/scala/functional%5B4%5D/Anonfn.scala"}})[0m
[0m[[0m[0mdebug[0m] [0m[0mUnhandled notification received: textDocument/didOpen: JsonRpcNotificationMessage(2.0, textDocument/didOpen, {"textDocument":{"uri":"file:///c%3A/Projects/practicing-scala/DanielScala/src/main/scala/functional%5B4%5D/L2Anonfn.scala","languageId":"scala","version":1,"text":"object Anonfn extends App {\n  val doubler = new Function1[Int, Int] {\n    override def apply(element: Int): Int = element * 2\n  }\n  println(doubler(2))\n  val adder: (Int, Int) => Int = (a: Int, b: Int) => a + b\n\n  val justDoSomething: () => Int = () => 3\n\n  println(justDoSomething) // function itself\n  println(justDoSomething()) // call\n\n  val stringToInt = { (str: String) =>\n    str.toInt\n  }\n\n  val niceIncrementer: Int => Int = _ + 1 // equivalent to x => x + 1\n  val niceAdder: (Int, Int) => Int = _ + _ // equivalent to (a,b) => a + b\n\n  /*\n  1. MyList: replace all FunctionX calls with lambdas\n  2. Rewrite the \"special\" adder as an anonymous function\n   */\n\n  val superAdd = (x: Int) => (y: Int) => x + y\n  println(superAdd(3)(4))\n  \n}\n"}})[0m
[0m[[0m[0mdebug[0m] [0m[0mForcing garbage collection...[0m
[0m[[0m[0mdebug[0m] [0m[0mUnhandled request received: shutdown: JsonRpcRequestMessage(2.0, ♨1, shutdown, null})[0m
