[0m[[0m[0mdebug[0m] [0m[0m> Exec(;Test/compile; collectAnalyses, None, Some(CommandSource(network-2)))[0m
[0m[[0m[0mdebug[0m] [0m[0munmatched Processing event for requestId None: None[0m
[0m[[0m[0mdebug[0m] [0m[0munmatched Done event for requestId None: None[0m
[0m[[0m[0mdebug[0m] [0m[0m> Exec(Test/compile, None, Some(CommandSource(network-2)))[0m
[0m[[0m[0mdebug[0m] [0m[0munmatched Processing event for requestId None: None[0m
[0m[[0m[0mdebug[0m] [0m[0mEvaluating tasks: Test / compile[0m
[0m[[0m[0mdebug[0m] [0m[0mRunning task... Cancel: Signal, check cycles: false, forcegc: true[0m
[0m[[0m[0mdebug[0m] [0m[0mjsonRpcNotify: JsonRpcNotificationMessage(2.0, build/taskStart, {"taskId":{"id":"92","parents":[]},"eventTime":1687298618989,"message":"Compiling practicing-scala","dataKind":"compile-task","data":{"target":{"uri":"file:/C:/Projects/practicing-scala/#practicing-scala/Compile"}}})[0m
[0m[[0m[0mdebug[0m] [0m[0mjsonRpcNotify: JsonRpcNotificationMessage(2.0, build/taskFinish, {"taskId":{"id":"92","parents":[]},"eventTime":1687298619003,"message":"Compiled practicing-scala","status":1,"dataKind":"compile-report","data":{"target":{"uri":"file:/C:/Projects/practicing-scala/#practicing-scala/Compile"},"errors":0,"warnings":0,"time":14}})[0m
[0m[[0m[0mdebug[0m] [0m[0mjsonRpcNotify: JsonRpcNotificationMessage(2.0, build/taskStart, {"taskId":{"id":"93","parents":[]},"eventTime":1687298619023,"message":"Compiling practicing-scala-test","dataKind":"compile-task","data":{"target":{"uri":"file:/C:/Projects/practicing-scala/#practicing-scala/Test"}}})[0m
[0m[[0m[0mdebug[0m] [0m[0mjsonRpcNotify: JsonRpcNotificationMessage(2.0, build/taskFinish, {"taskId":{"id":"93","parents":[]},"eventTime":1687298619035,"message":"Compiled practicing-scala-test","status":1,"dataKind":"compile-report","data":{"target":{"uri":"file:/C:/Projects/practicing-scala/#practicing-scala/Test"},"errors":0,"warnings":0,"time":12}})[0m
[0m[[0m[32msuccess[0m] [0m[0mTotal time: 0 s, completed 21 Jun, 2023 3:33:39 AM[0m
[0m[[0m[0mdebug[0m] [0m[0munmatched Done event for requestId None: None[0m
[0m[[0m[0mdebug[0m] [0m[0m> Exec(collectAnalyses, None, Some(CommandSource(network-2)))[0m
[0m[[0m[0mdebug[0m] [0m[0munmatched Processing event for requestId None: None[0m
[0m[[0m[0mdebug[0m] [0m[0mEvaluating tasks: Compile / collectAnalyses[0m
[0m[[0m[0mdebug[0m] [0m[0mRunning task... Cancel: Signal, check cycles: false, forcegc: true[0m
[0m[[0m[0mdebug[0m] [0m[0manalysis location (C:\Projects\practicing-scala\target\scala-2.12\zinc\inc_compile_2.12.zip,true)[0m
[0m[[0m[32msuccess[0m] [0m[0mTotal time: 0 s, completed 21 Jun, 2023 3:33:39 AM[0m
[0m[[0m[0mdebug[0m] [0m[0munmatched Done event for requestId None: None[0m
[0m[[0m[0mdebug[0m] [0m[0m> Exec(shell, None, None)[0m
[0m[[0m[0mdebug[0m] [0m[0mUnhandled request received: shutdown: JsonRpcRequestMessage(2.0, ♨1, shutdown, null})[0m
